[14:02:06] [ServerMain/INFO]: Environment: Environment[sessionHost=https://sessionserver.mojang.com, servicesHost=https://api.minecraftservices.com, name=PROD]
[14:02:07] [ServerMain/INFO]: No existing world data, creating new world
[14:02:07] [ServerMain/INFO]: Loaded 1370 recipes
[14:02:07] [ServerMain/INFO]: Loaded 1481 advancements
[14:02:07] [Server thread/INFO]: Starting minecraft server version 1.21.4
[14:02:07] [Server thread/INFO]: Loading properties
[14:02:07] [Server thread/INFO]: Default game type: SURVIVAL
[14:02:07] [Server thread/INFO]: Generating keypair
[14:02:08] [Server thread/INFO]: Starting Minecraft server on *:25565
[14:02:08] [Server thread/INFO]: Using epoll channel type
[14:02:08] [Server thread/WARN]: **** SERVER IS RUNNING IN OFFLINE/INSECURE MODE!
[14:02:08] [Server thread/WARN]: The server will make no attempt to authenticate usernames. Beware.
[14:02:08] [Server thread/WARN]: While this makes the game possible to play without internet access, it also opens up the ability for hackers to connect with any username they choose.
[14:02:08] [Server thread/WARN]: To change this, set "online-mode" to "true" in the server.properties file.
[14:02:08] [Server thread/INFO]: Preparing level "world"
[14:02:13] [Server thread/INFO]: Preparing start region for dimension minecraft:overworld
[14:02:13] [Worker-Main-3/INFO]: Preparing spawn area: 2%
[14:02:14] [Worker-Main-1/INFO]: Preparing spawn area: 2%
[14:02:14] [Worker-Main-3/INFO]: Preparing spawn area: 2%
[14:02:15] [Worker-Main-2/INFO]: Preparing spawn area: 2%
[14:02:15] [Worker-Main-2/INFO]: Preparing spawn area: 18%
[14:02:16] [Worker-Main-1/INFO]: Preparing spawn area: 18%
[14:02:16] [Worker-Main-2/INFO]: Preparing spawn area: 51%
[14:02:17] [Worker-Main-3/INFO]: Preparing spawn area: 51%
[14:02:17] [Worker-Main-3/INFO]: Preparing spawn area: 51%
[14:02:17] [Server thread/INFO]: Time elapsed: 4208 ms
[14:02:17] [Server thread/INFO]: Done (9.677s)! For help, type "help"
[14:03:17] [Server thread/INFO]: Server empty for 60 seconds, pausing
[14:06:27] [Server thread/INFO]: Unknown or incomplete command, see below for error
[14:06:27] [Server thread/INFO]: 2<--[HERE]
